#
# There is insufficient memory for the Java Runtime Environment to continue.
# Native memory allocation (malloc) failed to allocate 1689776 bytes for Chunk::new
# Possible reasons:
#   The system is out of physical RAM or swap space
#   The process is running with CompressedOops enabled, and the Java Heap may be blocking the growth of the native heap
# Possible solutions:
#   Reduce memory load on the system
#   Increase physical memory or swap space
#   Check if swap backing store is full
#   Decrease Java heap size (-Xmx/-Xms)
#   Decrease number of Java threads
#   Decrease Java thread stack sizes (-Xss)
#   Set larger code cache with -XX:ReservedCodeCacheSize=
#   JVM is running with Unscaled Compressed Oops mode in which the Java heap is
#     placed in the first 4GB address space. The Java Heap base address is the
#     maximum limit for the native heap growth. Please use -XX:HeapBaseMinAddress
#     to set the Java Heap base and to place the Java Heap above 4GB virtual address.
# This output file may be truncated or incomplete.
#
#  Out of Memory Error (arena.cpp:191), pid=16952, tid=2808
#
# JRE version: OpenJDK Runtime Environment (17.0.9) (build 17.0.9+0--11185874)
# Java VM: OpenJDK 64-Bit Server VM (17.0.9+0--11185874, mixed mode, tiered, compressed oops, compressed class ptrs, g1 gc, windows-amd64)
# No core dump will be written. Minidumps are not enabled by default on client versions of Windows
#

---------------  S U M M A R Y ------------

Command Line: --add-opens=java.base/java.util=ALL-UNNAMED --add-opens=java.base/java.lang=ALL-UNNAMED --add-opens=java.base/java.lang.invoke=ALL-UNNAMED --add-opens=java.prefs/java.util.prefs=ALL-UNNAMED --add-opens=java.base/java.nio.charset=ALL-UNNAMED --add-opens=java.base/java.net=ALL-UNNAMED --add-opens=java.base/java.util.concurrent.atomic=ALL-UNNAMED -Xmx2048m -Dfile.encoding=UTF-8 -Duser.country=US -Duser.language=en -Duser.variant -javaagent:C:\Users\Kenn Xavier\.gradle\wrapper\dists\gradle-8.4-bin\1w5dpkrfk8irigvoxmyhowfim\gradle-8.4\lib\agents\gradle-instrumentation-agent-8.4.jar org.gradle.launcher.daemon.bootstrap.GradleDaemon 8.4

Host: AMD Ryzen 5 7535HS with Radeon Graphics        , 12 cores, 7G,  Windows 11 , 64 bit Build 26100 (10.0.26100.3323)
Time: Sun Mar 23 21:56:56 2025 Malay Peninsula Standard Time elapsed time: 4.566571 seconds (0d 0h 0m 4s)

---------------  T H R E A D  ---------------

Current thread (0x000001f47b05fb80):  JavaThread "C2 CompilerThread0" daemon [_thread_in_native, id=2808, stack(0x0000006983200000,0x0000006983300000)]


Current CompileTask:
C2:   4566 2352       4       java.net.URLClassLoader$1::run (5 bytes)

Stack: [0x0000006983200000,0x0000006983300000]
Native frames: (J=compiled Java code, j=interpreted, Vv=VM code, C=native code)
V  [jvm.dll+0x6886e9]
V  [jvm.dll+0x841e4a]
V  [jvm.dll+0x843a8e]
V  [jvm.dll+0x8440f3]
V  [jvm.dll+0x24c14f]
V  [jvm.dll+0xac44c]
V  [jvm.dll+0xaca9c]
V  [jvm.dll+0x36c1a2]
V  [jvm.dll+0x33651a]
V  [jvm.dll+0x3359ba]
V  [jvm.dll+0x21ddb1]
V  [jvm.dll+0x21d1d1]
V  [jvm.dll+0x1a674d]
V  [jvm.dll+0x22d088]
V  [jvm.dll+0x22b1c0]
V  [jvm.dll+0x7f62f7]
V  [jvm.dll+0x7f06aa]
V  [jvm.dll+0x687565]
C  [ucrtbase.dll+0x37b0]
C  [KERNEL32.DLL+0x2e8d7]
C  [ntdll.dll+0xbbf6c]


---------------  P R O C E S S  ---------------

Threads class SMR info:
_java_thread_list=0x000001f47e179bc0, length=28, elements={
0x000001f45c24d2d0, 0x000001f476ae1da0, 0x000001f476ae32e0, 0x000001f47b0592b0,
0x000001f47b05bb90, 0x000001f47b05cfd0, 0x000001f47b05e410, 0x000001f47b05fb80,
0x000001f47b0610b0, 0x000001f47b062940, 0x000001f476a7cc90, 0x000001f47b2d4280,
0x000001f47c2a9ca0, 0x000001f47c58b200, 0x000001f47c9ea8b0, 0x000001f47c7cebe0,
0x000001f47cb299a0, 0x000001f47ccaa880, 0x000001f47cb5b9a0, 0x000001f47ce676c0,
0x000001f47ce67bd0, 0x000001f47ce680e0, 0x000001f47ce685f0, 0x000001f47ce68b00,
0x000001f47ce66790, 0x000001f47ce69a30, 0x000001f47ce69520, 0x000001f47db609a0
}

Java Threads: ( => current thread )
  0x000001f45c24d2d0 JavaThread "main" [_thread_blocked, id=27992, stack(0x0000006982500000,0x0000006982600000)]
  0x000001f476ae1da0 JavaThread "Reference Handler" daemon [_thread_blocked, id=4940, stack(0x0000006982c00000,0x0000006982d00000)]
  0x000001f476ae32e0 JavaThread "Finalizer" daemon [_thread_blocked, id=7700, stack(0x0000006982d00000,0x0000006982e00000)]
  0x000001f47b0592b0 JavaThread "Signal Dispatcher" daemon [_thread_blocked, id=12040, stack(0x0000006982e00000,0x0000006982f00000)]
  0x000001f47b05bb90 JavaThread "Attach Listener" daemon [_thread_blocked, id=28572, stack(0x0000006982f00000,0x0000006983000000)]
  0x000001f47b05cfd0 JavaThread "Service Thread" daemon [_thread_blocked, id=24408, stack(0x0000006983000000,0x0000006983100000)]
  0x000001f47b05e410 JavaThread "Monitor Deflation Thread" daemon [_thread_blocked, id=19948, stack(0x0000006983100000,0x0000006983200000)]
=>0x000001f47b05fb80 JavaThread "C2 CompilerThread0" daemon [_thread_in_native, id=2808, stack(0x0000006983200000,0x0000006983300000)]
  0x000001f47b0610b0 JavaThread "C1 CompilerThread0" daemon [_thread_blocked, id=6012, stack(0x0000006983300000,0x0000006983400000)]
  0x000001f47b062940 JavaThread "Sweeper thread" daemon [_thread_blocked, id=18644, stack(0x0000006983400000,0x0000006983500000)]
  0x000001f476a7cc90 JavaThread "Common-Cleaner" daemon [_thread_blocked, id=29664, stack(0x0000006983500000,0x0000006983600000)]
  0x000001f47b2d4280 JavaThread "Notification Thread" daemon [_thread_blocked, id=17756, stack(0x0000006983600000,0x0000006983700000)]
  0x000001f47c2a9ca0 JavaThread "Daemon health stats" [_thread_blocked, id=7320, stack(0x0000006983c00000,0x0000006983d00000)]
  0x000001f47c58b200 JavaThread "Incoming local TCP Connector on port 63483" [_thread_in_native, id=30328, stack(0x0000006983d00000,0x0000006983e00000)]
  0x000001f47c9ea8b0 JavaThread "Daemon periodic checks" [_thread_blocked, id=29028, stack(0x0000006983e00000,0x0000006983f00000)]
  0x000001f47c7cebe0 JavaThread "Daemon" [_thread_blocked, id=20604, stack(0x0000006983f00000,0x0000006984000000)]
  0x000001f47cb299a0 JavaThread "Handler for socket connection from /127.0.0.1:63483 to /127.0.0.1:63484" [_thread_in_native, id=30496, stack(0x0000006984000000,0x0000006984100000)]
  0x000001f47ccaa880 JavaThread "Cancel handler" [_thread_blocked, id=18748, stack(0x0000006984100000,0x0000006984200000)]
  0x000001f47cb5b9a0 JavaThread "Daemon worker" [_thread_in_native, id=26180, stack(0x0000006984200000,0x0000006984300000)]
  0x000001f47ce676c0 JavaThread "Asynchronous log dispatcher for DefaultDaemonConnection: socket connection from /127.0.0.1:63483 to /127.0.0.1:63484" [_thread_blocked, id=4688, stack(0x0000006984300000,0x0000006984400000)]
  0x000001f47ce67bd0 JavaThread "Stdin handler" [_thread_blocked, id=27352, stack(0x0000006984400000,0x0000006984500000)]
  0x000001f47ce680e0 JavaThread "Daemon client event forwarder" [_thread_blocked, id=30600, stack(0x0000006984500000,0x0000006984600000)]
  0x000001f47ce685f0 JavaThread "Cache worker for journal cache (C:\Users\Kenn Xavier\.gradle\caches\journal-1)" [_thread_blocked, id=29692, stack(0x0000006984d00000,0x0000006984e00000)]
  0x000001f47ce68b00 JavaThread "File lock request listener" [_thread_in_native, id=2556, stack(0x0000006984e00000,0x0000006984f00000)]
  0x000001f47ce66790 JavaThread "Cache worker for file hash cache (C:\Users\Kenn Xavier\.gradle\caches\8.4\fileHashes)" [_thread_blocked, id=6992, stack(0x0000006984f00000,0x0000006985000000)]
  0x000001f47ce69a30 JavaThread "File watcher server" daemon [_thread_in_native, id=16552, stack(0x0000006985000000,0x0000006985100000)]
  0x000001f47ce69520 JavaThread "File watcher consumer" daemon [_thread_blocked, id=12588, stack(0x0000006985100000,0x0000006985200000)]
  0x000001f47db609a0 JavaThread "C2 CompilerThread1" daemon [_thread_in_native, id=3912, stack(0x0000006985200000,0x0000006985300000)]

Other Threads:
  0x000001f47b01f1b0 VMThread "VM Thread" [stack: 0x0000006982b00000,0x0000006982c00000] [id=29984]
  0x000001f47b2d8b10 WatcherThread [stack: 0x0000006983700000,0x0000006983800000] [id=19976]
  0x000001f45c2a8840 GCTaskThread "GC Thread#0" [stack: 0x0000006982600000,0x0000006982700000] [id=25572]
  0x000001f47b6b9bf0 GCTaskThread "GC Thread#1" [stack: 0x0000006983800000,0x0000006983900000] [id=10308]
  0x000001f47b5189e0 GCTaskThread "GC Thread#2" [stack: 0x0000006983900000,0x0000006983a00000] [id=20704]
  0x000001f47c0e2b80 GCTaskThread "GC Thread#3" [stack: 0x0000006983a00000,0x0000006983b00000] [id=19532]
  0x000001f47b4b7a40 GCTaskThread "GC Thread#4" [stack: 0x0000006983b00000,0x0000006983c00000] [id=23732]
  0x000001f47c9aac50 GCTaskThread "GC Thread#5" [stack: 0x0000006984600000,0x0000006984700000] [id=11804]
  0x000001f47cb17b20 GCTaskThread "GC Thread#6" [stack: 0x0000006984700000,0x0000006984800000] [id=2264]
  0x000001f47ca9f440 GCTaskThread "GC Thread#7" [stack: 0x0000006984800000,0x0000006984900000] [id=15256]
  0x000001f47ca94020 GCTaskThread "GC Thread#8" [stack: 0x0000006984900000,0x0000006984a00000] [id=15712]
  0x000001f47cc3c4d0 GCTaskThread "GC Thread#9" [stack: 0x0000006984a00000,0x0000006984b00000] [id=5560]
  0x000001f45c2f80e0 ConcurrentGCThread "G1 Main Marker" [stack: 0x0000006982700000,0x0000006982800000] [id=25772]
  0x000001f45c2f91b0 ConcurrentGCThread "G1 Conc#0" [stack: 0x0000006982800000,0x0000006982900000] [id=23384]
  0x000001f47d004960 ConcurrentGCThread "G1 Conc#1" [stack: 0x0000006984b00000,0x0000006984c00000] [id=21164]
  0x000001f47d003e60 ConcurrentGCThread "G1 Conc#2" [stack: 0x0000006984c00000,0x0000006984d00000] [id=2772]
  0x000001f4769430d0 ConcurrentGCThread "G1 Refine#0" [stack: 0x0000006982900000,0x0000006982a00000] [id=25096]
  0x000001f4769448c0 ConcurrentGCThread "G1 Service" [stack: 0x0000006982a00000,0x0000006982b00000] [id=28392]

Threads with active compile tasks:
C2 CompilerThread0     4590 2352       4       java.net.URLClassLoader$1::run (5 bytes)
C2 CompilerThread1     4590 2353   !   4       java.net.URLClassLoader$1::run (81 bytes)

VM state: not at safepoint (normal execution)

VM Mutex/Monitor currently owned by a thread: None

Heap address: 0x0000000080000000, size: 2048 MB, Compressed Oops mode: 32-bit

CDS archive(s) not mapped
Compressed class space mapped at: 0x0000000100000000-0x0000000140000000, reserved size: 1073741824
Narrow klass base: 0x0000000000000000, Narrow klass shift: 3, Narrow klass range: 0x140000000

GC Precious Log:
 CPUs: 12 total, 12 available
 Memory: 7381M
 Large Page Support: Disabled
 NUMA Support: Disabled
 Compressed Oops: Enabled (32-bit)
 Heap Region Size: 1M
 Heap Min Capacity: 8M
 Heap Initial Capacity: 116M
 Heap Max Capacity: 2G
 Pre-touch: Disabled
 Parallel Workers: 10
 Concurrent Workers: 3
 Concurrent Refinement Workers: 10
 Periodic GC: Disabled

Heap:
 garbage-first heap   total 71680K, used 47456K [0x0000000080000000, 0x0000000100000000)
  region size 1024K, 29 young (29696K), 2 survivors (2048K)
 Metaspace       used 30296K, committed 30592K, reserved 1114112K
  class space    used 4036K, committed 4160K, reserved 1048576K

Heap Regions: E=young(eden), S=young(survivor), O=old, HS=humongous(starts), HC=humongous(continues), CS=collection set, F=free, OA=open archive, CA=closed archive, TAMS=top-at-mark-start (previous, next)
|   0|0x0000000080000000, 0x0000000080100000, 0x0000000080100000|100%|HS|  |TAMS 0x0000000080100000, 0x0000000080000000| Complete 
|   1|0x0000000080100000, 0x0000000080200000, 0x0000000080200000|100%|HC|  |TAMS 0x0000000080200000, 0x0000000080100000| Complete 
|   2|0x0000000080200000, 0x0000000080300000, 0x0000000080300000|100%|HC|  |TAMS 0x0000000080300000, 0x0000000080200000| Complete 
|   3|0x0000000080300000, 0x0000000080400000, 0x0000000080400000|100%|HC|  |TAMS 0x0000000080400000, 0x0000000080300000| Complete 
|   4|0x0000000080400000, 0x0000000080500000, 0x0000000080500000|100%| O|  |TAMS 0x0000000080500000, 0x0000000080400000| Untracked 
|   5|0x0000000080500000, 0x0000000080600000, 0x0000000080600000|100%| O|  |TAMS 0x0000000080600000, 0x0000000080500000| Untracked 
|   6|0x0000000080600000, 0x0000000080700000, 0x0000000080700000|100%| O|  |TAMS 0x0000000080700000, 0x0000000080600000| Untracked 
|   7|0x0000000080700000, 0x0000000080800000, 0x0000000080800000|100%| O|  |TAMS 0x0000000080800000, 0x0000000080700000| Untracked 
|   8|0x0000000080800000, 0x0000000080900000, 0x0000000080900000|100%| O|  |TAMS 0x0000000080900000, 0x0000000080800000| Untracked 
|   9|0x0000000080900000, 0x0000000080a00000, 0x0000000080a00000|100%| O|  |TAMS 0x0000000080a00000, 0x0000000080900000| Untracked 
|  10|0x0000000080a00000, 0x0000000080a7aa00, 0x0000000080b00000| 47%| O|  |TAMS 0x0000000080a7aa00, 0x0000000080a00000| Untracked 
|  11|0x0000000080b00000, 0x0000000080c00000, 0x0000000080c00000|100%| O|  |TAMS 0x0000000080b00000, 0x0000000080b00000| Untracked 
|  12|0x0000000080c00000, 0x0000000080d00000, 0x0000000080d00000|100%| O|  |TAMS 0x0000000080c00000, 0x0000000080c00000| Untracked 
|  13|0x0000000080d00000, 0x0000000080e00000, 0x0000000080e00000|100%| O|  |TAMS 0x0000000080d00000, 0x0000000080d00000| Untracked 
|  14|0x0000000080e00000, 0x0000000080f00000, 0x0000000080f00000|100%| O|  |TAMS 0x0000000080e00000, 0x0000000080e00000| Untracked 
|  15|0x0000000080f00000, 0x0000000081000000, 0x0000000081000000|100%| O|  |TAMS 0x0000000080f00000, 0x0000000080f00000| Untracked 
|  16|0x0000000081000000, 0x0000000081100000, 0x0000000081100000|100%| O|  |TAMS 0x0000000081000000, 0x0000000081000000| Untracked 
|  17|0x0000000081100000, 0x0000000081200000, 0x0000000081200000|100%| O|  |TAMS 0x0000000081100000, 0x0000000081100000| Untracked 
|  18|0x0000000081200000, 0x00000000812e4000, 0x0000000081300000| 89%| O|  |TAMS 0x0000000081200000, 0x0000000081200000| Untracked 
|  19|0x0000000081300000, 0x0000000081300000, 0x0000000081400000|  0%| F|  |TAMS 0x0000000081300000, 0x0000000081300000| Untracked 
|  20|0x0000000081400000, 0x0000000081400000, 0x0000000081500000|  0%| F|  |TAMS 0x0000000081400000, 0x0000000081400000| Untracked 
|  21|0x0000000081500000, 0x0000000081500000, 0x0000000081600000|  0%| F|  |TAMS 0x0000000081500000, 0x0000000081500000| Untracked 
|  22|0x0000000081600000, 0x0000000081600000, 0x0000000081700000|  0%| F|  |TAMS 0x0000000081600000, 0x0000000081600000| Untracked 
|  23|0x0000000081700000, 0x0000000081700000, 0x0000000081800000|  0%| F|  |TAMS 0x0000000081700000, 0x0000000081700000| Untracked 
|  24|0x0000000081800000, 0x0000000081800000, 0x0000000081900000|  0%| F|  |TAMS 0x0000000081800000, 0x0000000081800000| Untracked 
|  25|0x0000000081900000, 0x0000000081900000, 0x0000000081a00000|  0%| F|  |TAMS 0x0000000081900000, 0x0000000081900000| Untracked 
|  26|0x0000000081a00000, 0x0000000081af9980, 0x0000000081b00000| 97%| S|CS|TAMS 0x0000000081a00000, 0x0000000081a00000| Complete 
|  27|0x0000000081b00000, 0x0000000081c00000, 0x0000000081c00000|100%| S|CS|TAMS 0x0000000081b00000, 0x0000000081b00000| Complete 
|  28|0x0000000081c00000, 0x0000000081c00000, 0x0000000081d00000|  0%| F|  |TAMS 0x0000000081c00000, 0x0000000081c00000| Untracked 
|  29|0x0000000081d00000, 0x0000000081d00000, 0x0000000081e00000|  0%| F|  |TAMS 0x0000000081d00000, 0x0000000081d00000| Untracked 
|  30|0x0000000081e00000, 0x0000000081e00000, 0x0000000081f00000|  0%| F|  |TAMS 0x0000000081e00000, 0x0000000081e00000| Untracked 
|  31|0x0000000081f00000, 0x0000000081f00000, 0x0000000082000000|  0%| F|  |TAMS 0x0000000081f00000, 0x0000000081f00000| Untracked 
|  32|0x0000000082000000, 0x0000000082000000, 0x0000000082100000|  0%| F|  |TAMS 0x0000000082000000, 0x0000000082000000| Untracked 
|  33|0x0000000082100000, 0x0000000082100000, 0x0000000082200000|  0%| F|  |TAMS 0x0000000082100000, 0x0000000082100000| Untracked 
|  34|0x0000000082200000, 0x0000000082200000, 0x0000000082300000|  0%| F|  |TAMS 0x0000000082200000, 0x0000000082200000| Untracked 
|  35|0x0000000082300000, 0x0000000082300000, 0x0000000082400000|  0%| F|  |TAMS 0x0000000082300000, 0x0000000082300000| Untracked 
|  36|0x0000000082400000, 0x0000000082400000, 0x0000000082500000|  0%| F|  |TAMS 0x0000000082400000, 0x0000000082400000| Untracked 
|  37|0x0000000082500000, 0x0000000082500000, 0x0000000082600000|  0%| F|  |TAMS 0x0000000082500000, 0x0000000082500000| Untracked 
|  38|0x0000000082600000, 0x0000000082600000, 0x0000000082700000|  0%| F|  |TAMS 0x0000000082600000, 0x0000000082600000| Untracked 
|  39|0x0000000082700000, 0x0000000082700000, 0x0000000082800000|  0%| F|  |TAMS 0x0000000082700000, 0x0000000082700000| Untracked 
|  40|0x0000000082800000, 0x0000000082800000, 0x0000000082900000|  0%| F|  |TAMS 0x0000000082800000, 0x0000000082800000| Untracked 
|  41|0x0000000082900000, 0x0000000082900000, 0x0000000082a00000|  0%| F|  |TAMS 0x0000000082900000, 0x0000000082900000| Untracked 
|  42|0x0000000082a00000, 0x0000000082a00000, 0x0000000082b00000|  0%| F|  |TAMS 0x0000000082a00000, 0x0000000082a00000| Untracked 
|  43|0x0000000082b00000, 0x0000000082be6048, 0x0000000082c00000| 89%| E|  |TAMS 0x0000000082b00000, 0x0000000082b00000| Complete 
|  44|0x0000000082c00000, 0x0000000082d00000, 0x0000000082d00000|100%| E|CS|TAMS 0x0000000082c00000, 0x0000000082c00000| Complete 
|  45|0x0000000082d00000, 0x0000000082e00000, 0x0000000082e00000|100%| E|CS|TAMS 0x0000000082d00000, 0x0000000082d00000| Complete 
|  46|0x0000000082e00000, 0x0000000082f00000, 0x0000000082f00000|100%| E|CS|TAMS 0x0000000082e00000, 0x0000000082e00000| Complete 
|  47|0x0000000082f00000, 0x0000000083000000, 0x0000000083000000|100%| E|CS|TAMS 0x0000000082f00000, 0x0000000082f00000| Complete 
|  48|0x0000000083000000, 0x0000000083100000, 0x0000000083100000|100%| E|CS|TAMS 0x0000000083000000, 0x0000000083000000| Complete 
|  49|0x0000000083100000, 0x0000000083200000, 0x0000000083200000|100%| E|CS|TAMS 0x0000000083100000, 0x0000000083100000| Complete 
|  50|0x0000000083200000, 0x0000000083300000, 0x0000000083300000|100%| E|CS|TAMS 0x0000000083200000, 0x0000000083200000| Complete 
|  51|0x0000000083300000, 0x0000000083400000, 0x0000000083400000|100%| E|CS|TAMS 0x0000000083300000, 0x0000000083300000| Complete 
|  52|0x0000000083400000, 0x0000000083500000, 0x0000000083500000|100%| E|CS|TAMS 0x0000000083400000, 0x0000000083400000| Complete 
|  53|0x0000000083500000, 0x0000000083600000, 0x0000000083600000|100%| E|CS|TAMS 0x0000000083500000, 0x0000000083500000| Complete 
|  54|0x0000000083600000, 0x0000000083700000, 0x0000000083700000|100%| E|CS|TAMS 0x0000000083600000, 0x0000000083600000| Complete 
|  55|0x0000000083700000, 0x0000000083800000, 0x0000000083800000|100%| E|CS|TAMS 0x0000000083700000, 0x0000000083700000| Complete 
|  56|0x0000000083800000, 0x0000000083900000, 0x0000000083900000|100%| E|CS|TAMS 0x0000000083800000, 0x0000000083800000| Complete 
|  57|0x0000000083900000, 0x0000000083a00000, 0x0000000083a00000|100%| E|CS|TAMS 0x0000000083900000, 0x0000000083900000| Complete 
|  58|0x0000000083a00000, 0x0000000083b00000, 0x0000000083b00000|100%| E|CS|TAMS 0x0000000083a00000, 0x0000000083a00000| Complete 
|  59|0x0000000083b00000, 0x0000000083c00000, 0x0000000083c00000|100%| E|CS|TAMS 0x0000000083b00000, 0x0000000083b00000| Complete 
|  60|0x0000000083c00000, 0x0000000083d00000, 0x0000000083d00000|100%| E|CS|TAMS 0x0000000083c00000, 0x0000000083c00000| Complete 
|  61|0x0000000083d00000, 0x0000000083e00000, 0x0000000083e00000|100%| E|CS|TAMS 0x0000000083d00000, 0x0000000083d00000| Complete 
|  62|0x0000000083e00000, 0x0000000083f00000, 0x0000000083f00000|100%| E|CS|TAMS 0x0000000083e00000, 0x0000000083e00000| Complete 
|  63|0x0000000083f00000, 0x0000000084000000, 0x0000000084000000|100%| E|CS|TAMS 0x0000000083f00000, 0x0000000083f00000| Complete 
|  64|0x0000000084000000, 0x0000000084100000, 0x0000000084100000|100%| E|CS|TAMS 0x0000000084000000, 0x0000000084000000| Complete 
|  65|0x0000000084100000, 0x0000000084200000, 0x0000000084200000|100%| E|CS|TAMS 0x0000000084100000, 0x0000000084100000| Complete 
|  66|0x0000000084200000, 0x0000000084300000, 0x0000000084300000|100%| E|CS|TAMS 0x0000000084200000, 0x0000000084200000| Complete 
|  67|0x0000000084300000, 0x0000000084400000, 0x0000000084400000|100%| E|CS|TAMS 0x0000000084300000, 0x0000000084300000| Complete 
|  68|0x0000000084400000, 0x0000000084500000, 0x0000000084500000|100%| E|CS|TAMS 0x0000000084400000, 0x0000000084400000| Complete 
| 115|0x0000000087300000, 0x0000000087400000, 0x0000000087400000|100%| E|CS|TAMS 0x0000000087300000, 0x0000000087300000| Complete 

Card table byte_map: [0x000001f46f850000,0x000001f46fc50000] _byte_map_base: 0x000001f46f450000

Marking Bits (Prev, Next): (CMBitMap*) 0x000001f45c2a8db0, (CMBitMap*) 0x000001f45c2a8d70
 Prev Bits: [0x000001f472050000, 0x000001f474050000)
 Next Bits: [0x000001f470050000, 0x000001f472050000)

Polling page: 0x000001f45aa30000

Metaspace:

Usage:
  Non-class:     25.71 MB used.
      Class:      3.94 MB used.
       Both:     29.65 MB used.

Virtual space:
  Non-class space:       64.00 MB reserved,      25.88 MB ( 40%) committed,  1 nodes.
      Class space:        1.00 GB reserved,       4.06 MB ( <1%) committed,  1 nodes.
             Both:        1.06 GB reserved,      29.94 MB (  3%) committed. 

Chunk freelists:
   Non-Class:  6.03 MB
       Class:  11.91 MB
        Both:  17.94 MB

MaxMetaspaceSize: unlimited
CompressedClassSpaceSize: 1.00 GB
Initial GC threshold: 21.00 MB
Current GC threshold: 35.12 MB
CDS: off
MetaspaceReclaimPolicy: balanced
 - commit_granule_bytes: 65536.
 - commit_granule_words: 8192.
 - virtual_space_node_default_size: 8388608.
 - enlarge_chunks_in_place: 1.
 - new_chunks_are_fully_committed: 0.
 - uncommit_free_chunks: 1.
 - use_allocation_guard: 0.
 - handle_deallocations: 1.


Internal statistics:

num_allocs_failed_limit: 3.
num_arena_births: 228.
num_arena_deaths: 0.
num_vsnodes_births: 2.
num_vsnodes_deaths: 0.
num_space_committed: 479.
num_space_uncommitted: 0.
num_chunks_returned_to_freelist: 3.
num_chunks_taken_from_freelist: 973.
num_chunk_merges: 3.
num_chunk_splits: 660.
num_chunks_enlarged: 498.
num_inconsistent_stats: 0.

CodeHeap 'non-profiled nmethods': size=120000Kb used=1253Kb max_used=1253Kb free=118746Kb
 bounds [0x000001f4672a0000, 0x000001f467510000, 0x000001f46e7d0000]
CodeHeap 'profiled nmethods': size=120000Kb used=5401Kb max_used=5401Kb free=114598Kb
 bounds [0x000001f45f7d0000, 0x000001f45fd20000, 0x000001f466d00000]
CodeHeap 'non-nmethods': size=5760Kb used=1235Kb max_used=1279Kb free=4524Kb
 bounds [0x000001f466d00000, 0x000001f466f70000, 0x000001f4672a0000]
 total_blobs=3142 nmethods=2598 adapters=456
 compilation: enabled
              stopped_count=0, restarted_count=0
 full_count=0

Compilation events (20 events):
Event: 3.513 Thread 0x000001f47b0610b0 2610       3       jdk.internal.org.objectweb.asm.ClassReader::readConst (276 bytes)
Event: 3.514 Thread 0x000001f47b0610b0 nmethod 2610 0x000001f45fd0dc10 code [0x000001f45fd0e0a0, 0x000001f45fd0fe58]
Event: 3.514 Thread 0x000001f47b0610b0 2611       3       java.lang.invoke.InfoFromMemberName::getName (8 bytes)
Event: 3.514 Thread 0x000001f47b0610b0 nmethod 2611 0x000001f45fd10890 code [0x000001f45fd10a60, 0x000001f45fd10e48]
Event: 3.514 Thread 0x000001f47b0610b0 2612       3       java.lang.invoke.InfoFromMemberName::getMethodType (8 bytes)
Event: 3.515 Thread 0x000001f47b0610b0 nmethod 2612 0x000001f45fd10f90 code [0x000001f45fd11140, 0x000001f45fd11288]
Event: 3.516 Thread 0x000001f47b0610b0 2614       3       java.lang.invoke.Invokers$Holder::invokeExact_MT (32 bytes)
Event: 3.516 Thread 0x000001f47b0610b0 nmethod 2614 0x000001f45fd11390 code [0x000001f45fd115a0, 0x000001f45fd11e58]
Event: 3.516 Thread 0x000001f47b0610b0 2615       3       java.lang.invoke.LambdaMetafactory::metafactory (71 bytes)
Event: 3.517 Thread 0x000001f47b0610b0 nmethod 2615 0x000001f45fd12090 code [0x000001f45fd12320, 0x000001f45fd12e28]
Event: 3.517 Thread 0x000001f47b0610b0 2616       3       jdk.internal.org.objectweb.asm.ClassReader::readShort (27 bytes)
Event: 3.517 Thread 0x000001f47b0610b0 nmethod 2616 0x000001f45fd13310 code [0x000001f45fd134a0, 0x000001f45fd13618]
Event: 3.538 Thread 0x000001f47b0610b0 2617       3       jdk.internal.org.objectweb.asm.MethodVisitor::visitInsn (16 bytes)
Event: 3.538 Thread 0x000001f47b0610b0 nmethod 2617 0x000001f45fd13710 code [0x000001f45fd138c0, 0x000001f45fd13ac8]
Event: 3.541 Thread 0x000001f47b0610b0 2618       3       java.lang.invoke.MethodHandles$Lookup$ClassDefiner::defineClass (97 bytes)
Event: 3.542 Thread 0x000001f47b0610b0 nmethod 2618 0x000001f45fd13b90 code [0x000001f45fd13e20, 0x000001f45fd14c78]
Event: 3.542 Thread 0x000001f47b0610b0 2619       3       java.lang.System$2::defineClass (21 bytes)
Event: 3.542 Thread 0x000001f47b0610b0 nmethod 2619 0x000001f45fd15210 code [0x000001f45fd153c0, 0x000001f45fd15548]
Event: 4.067 Thread 0x000001f47b0610b0 2621       3       jdk.internal.misc.Unsafe::putReferenceOpaque (9 bytes)
Event: 4.068 Thread 0x000001f47b0610b0 nmethod 2621 0x000001f45fd15610 code [0x000001f45fd157a0, 0x000001f45fd158f8]

GC Heap History (8 events):
Event: 0.616 GC heap before
{Heap before GC invocations=0 (full 0):
 garbage-first heap   total 118784K, used 26624K [0x0000000080000000, 0x0000000100000000)
  region size 1024K, 23 young (23552K), 0 survivors (0K)
 Metaspace       used 10485K, committed 10624K, reserved 1114112K
  class space    used 1086K, committed 1152K, reserved 1048576K
}
Event: 0.621 GC heap after
{Heap after GC invocations=1 (full 0):
 garbage-first heap   total 118784K, used 10760K [0x0000000080000000, 0x0000000100000000)
  region size 1024K, 3 young (3072K), 3 survivors (3072K)
 Metaspace       used 10485K, committed 10624K, reserved 1114112K
  class space    used 1086K, committed 1152K, reserved 1048576K
}
Event: 0.955 GC heap before
{Heap before GC invocations=1 (full 0):
 garbage-first heap   total 118784K, used 39432K [0x0000000080000000, 0x0000000100000000)
  region size 1024K, 31 young (31744K), 3 survivors (3072K)
 Metaspace       used 11504K, committed 11648K, reserved 1114112K
  class space    used 1197K, committed 1280K, reserved 1048576K
}
Event: 0.958 GC heap after
{Heap after GC invocations=2 (full 0):
 garbage-first heap   total 118784K, used 11580K [0x0000000080000000, 0x0000000100000000)
  region size 1024K, 1 young (1024K), 1 survivors (1024K)
 Metaspace       used 11504K, committed 11648K, reserved 1114112K
  class space    used 1197K, committed 1280K, reserved 1048576K
}
Event: 2.447 GC heap before
{Heap before GC invocations=2 (full 0):
 garbage-first heap   total 118784K, used 57660K [0x0000000080000000, 0x0000000100000000)
  region size 1024K, 47 young (48128K), 1 survivors (1024K)
 Metaspace       used 21325K, committed 21504K, reserved 1114112K
  class space    used 2518K, committed 2624K, reserved 1048576K
}
Event: 2.454 GC heap after
{Heap after GC invocations=3 (full 0):
 garbage-first heap   total 118784K, used 19425K [0x0000000080000000, 0x0000000100000000)
  region size 1024K, 9 young (9216K), 9 survivors (9216K)
 Metaspace       used 21325K, committed 21504K, reserved 1114112K
  class space    used 2518K, committed 2624K, reserved 1048576K
}
Event: 3.106 GC heap before
{Heap before GC invocations=4 (full 0):
 garbage-first heap   total 71680K, used 52193K [0x0000000080000000, 0x0000000100000000)
  region size 1024K, 42 young (43008K), 9 survivors (9216K)
 Metaspace       used 26585K, committed 26816K, reserved 1114112K
  class space    used 3422K, committed 3520K, reserved 1048576K
}
Event: 3.111 GC heap after
{Heap after GC invocations=5 (full 0):
 garbage-first heap   total 71680K, used 20832K [0x0000000080000000, 0x0000000100000000)
  region size 1024K, 2 young (2048K), 2 survivors (2048K)
 Metaspace       used 26585K, committed 26816K, reserved 1114112K
  class space    used 3422K, committed 3520K, reserved 1048576K
}

Dll operation events (3 events):
Event: 0.010 Loaded shared library C:\Program Files\Android\Android Studio\jbr\bin\java.dll
Event: 0.117 Loaded shared library C:\Program Files\Android\Android Studio\jbr\bin\zip.dll
Event: 0.377 Loaded shared library C:\Program Files\Android\Android Studio\jbr\bin\verify.dll

Deoptimization events (20 events):
Event: 2.809 Thread 0x000001f47cb5b9a0 DEOPT PACKING pc=0x000001f46731a2c0 sp=0x00000069842fcef0
Event: 2.809 Thread 0x000001f47cb5b9a0 DEOPT UNPACKING pc=0x000001f466d569a3 sp=0x00000069842fcec0 mode 2
Event: 3.026 Thread 0x000001f47cb5b9a0 DEOPT PACKING pc=0x000001f45fb88ff1 sp=0x00000069842fa860
Event: 3.026 Thread 0x000001f47cb5b9a0 DEOPT UNPACKING pc=0x000001f466d57143 sp=0x00000069842f9d70 mode 0
Event: 3.049 Thread 0x000001f47cb5b9a0 DEOPT PACKING pc=0x000001f45fb88ff1 sp=0x00000069842fb450
Event: 3.049 Thread 0x000001f47cb5b9a0 DEOPT UNPACKING pc=0x000001f466d57143 sp=0x00000069842fa960 mode 0
Event: 3.061 Thread 0x000001f47cb5b9a0 DEOPT PACKING pc=0x000001f45fb88ff1 sp=0x00000069842f9110
Event: 3.061 Thread 0x000001f47cb5b9a0 DEOPT UNPACKING pc=0x000001f466d57143 sp=0x00000069842f8620 mode 0
Event: 3.224 Thread 0x000001f47cb5b9a0 Uncommon trap: trap_request=0xffffff45 fr.pc=0x000001f4673aa7fc relative=0x00000000000003bc
Event: 3.224 Thread 0x000001f47cb5b9a0 Uncommon trap: reason=unstable_if action=reinterpret pc=0x000001f4673aa7fc method=java.util.HashMap.getNode(Ljava/lang/Object;)Ljava/util/HashMap$Node; @ 131 c2
Event: 3.224 Thread 0x000001f47cb5b9a0 DEOPT PACKING pc=0x000001f4673aa7fc sp=0x00000069842fae80
Event: 3.224 Thread 0x000001f47cb5b9a0 DEOPT UNPACKING pc=0x000001f466d569a3 sp=0x00000069842fada0 mode 2
Event: 3.300 Thread 0x000001f47cb5b9a0 Uncommon trap: trap_request=0xffffff45 fr.pc=0x000001f4672c92f4 relative=0x00000000000000d4
Event: 3.300 Thread 0x000001f47cb5b9a0 Uncommon trap: reason=unstable_if action=reinterpret pc=0x000001f4672c92f4 method=java.util.HashMap.hash(Ljava/lang/Object;)I @ 1 c2
Event: 3.300 Thread 0x000001f47cb5b9a0 DEOPT PACKING pc=0x000001f4672c92f4 sp=0x00000069842f9db0
Event: 3.300 Thread 0x000001f47cb5b9a0 DEOPT UNPACKING pc=0x000001f466d569a3 sp=0x00000069842f9cf0 mode 2
Event: 3.469 Thread 0x000001f47cb5b9a0 Uncommon trap: trap_request=0xffffff76 fr.pc=0x000001f4673d728c relative=0x000000000000016c
Event: 3.469 Thread 0x000001f47cb5b9a0 Uncommon trap: reason=predicate action=maybe_recompile pc=0x000001f4673d728c method=com.google.common.base.CharMatcher.indexIn(Ljava/lang/CharSequence;I)I @ 19 c2
Event: 3.469 Thread 0x000001f47cb5b9a0 DEOPT PACKING pc=0x000001f4673d728c sp=0x00000069842fa540
Event: 3.470 Thread 0x000001f47cb5b9a0 DEOPT UNPACKING pc=0x000001f466d569a3 sp=0x00000069842fa4d0 mode 2

Classes unloaded (0 events):
No events

Classes redefined (0 events):
No events

Internal exceptions (20 events):
Event: 2.589 Thread 0x000001f47cb5b9a0 Exception <a 'java/lang/NoSuchMethodError'{0x000000008374c270}: 'java.lang.Object java.lang.invoke.DirectMethodHandle$Holder.invokeSpecial(java.lang.Object, java.lang.Object, java.lang.Object, java.lang.Object, java.lang.Object, java.lang.Object, java.lang.Object, java.lang.Object, java.lang.Object, java.lang.Object, java.lang.Object)'> (0x000000008374c270) 
thrown [s\src\hotspot\share\interpreter\linkResolver.cpp, line 771]
Event: 2.737 Thread 0x000001f47cb5b9a0 Exception <a 'java/lang/NoSuchMethodError'{0x000000008312ec68}: 'void java.lang.invoke.DirectMethodHandle$Holder.invokeStaticInit(java.lang.Object)'> (0x000000008312ec68) 
thrown [s\src\hotspot\share\interpreter\linkResolver.cpp, line 771]
Event: 2.750 Thread 0x000001f47cb5b9a0 Exception <a 'java/lang/NoSuchMethodError'{0x00000000831e2668}: 'java.lang.Object java.lang.invoke.DirectMethodHandle$Holder.newInvokeSpecial(java.lang.Object, java.lang.Object, java.lang.Object, int)'> (0x00000000831e2668) 
thrown [s\src\hotspot\share\interpreter\linkResolver.cpp, line 771]
Event: 2.750 Thread 0x000001f47cb5b9a0 Exception <a 'java/lang/NoSuchMethodError'{0x00000000831e6f98}: 'java.lang.Object java.lang.invoke.DirectMethodHandle$Holder.invokeSpecial(java.lang.Object, java.lang.Object, java.lang.Object, java.lang.Object, int)'> (0x00000000831e6f98) 
thrown [s\src\hotspot\share\interpreter\linkResolver.cpp, line 771]
Event: 2.751 Thread 0x000001f47cb5b9a0 Exception <a 'java/lang/NoSuchMethodError'{0x00000000831eb0b0}: 'java.lang.Object java.lang.invoke.Invokers$Holder.linkToTargetMethod(java.lang.Object, java.lang.Object, int, java.lang.Object)'> (0x00000000831eb0b0) 
thrown [s\src\hotspot\share\interpreter\linkResolver.cpp, line 771]
Event: 3.016 Thread 0x000001f47cb5b9a0 Exception <a 'java/lang/NoSuchMethodError'{0x00000000821ba040}: 'int java.lang.invoke.DirectMethodHandle$Holder.invokeSpecialIFC(java.lang.Object, java.lang.Object, java.lang.Object, java.lang.Object)'> (0x00000000821ba040) 
thrown [s\src\hotspot\share\interpreter\linkResolver.cpp, line 771]
Event: 3.017 Thread 0x000001f47cb5b9a0 Exception <a 'java/lang/NoSuchMethodError'{0x00000000821c9340}: 'java.lang.Object java.lang.invoke.DirectMethodHandle$Holder.invokeInterface(java.lang.Object, java.lang.Object, java.lang.Object)'> (0x00000000821c9340) 
thrown [s\src\hotspot\share\interpreter\linkResolver.cpp, line 771]
Event: 3.018 Thread 0x000001f47cb5b9a0 Exception <a 'java/lang/IncompatibleClassChangeError'{0x00000000821cd200}: Found class java.lang.Object, but interface was expected> (0x00000000821cd200) 
thrown [s\src\hotspot\share\interpreter\linkResolver.cpp, line 838]
Event: 3.056 Thread 0x000001f47cb5b9a0 Exception <a 'java/lang/NoSuchMethodError'{0x0000000081e06890}: 'int java.lang.invoke.DirectMethodHandle$Holder.invokeStatic(java.lang.Object, java.lang.Object, java.lang.Object, java.lang.Object)'> (0x0000000081e06890) 
thrown [s\src\hotspot\share\interpreter\linkResolver.cpp, line 771]
Event: 3.056 Thread 0x000001f47cb5b9a0 Exception <a 'java/lang/NoSuchMethodError'{0x0000000081e0a4b8}: 'java.lang.Object java.lang.invoke.Invokers$Holder.invokeExact_MT(java.lang.Object, java.lang.Object, java.lang.Object, java.lang.Object, java.lang.Object, java.lang.Object)'> (0x0000000081e0a4b8) 
thrown [s\src\hotspot\share\interpreter\linkResolver.cpp, line 771]
Event: 3.127 Thread 0x000001f47cb5b9a0 Exception <a 'java/lang/NoSuchMethodError'{0x00000000873f1c50}: 'java.lang.Object java.lang.invoke.DirectMethodHandle$Holder.invokeSpecial(java.lang.Object, java.lang.Object, java.lang.Object, java.lang.Object, java.lang.Object, java.lang.Object, java.lang.Object, java.lang.Object, java.lang.Object)'> (0x00000000873f1c50) 
thrown [s\src\hotspot\share\interpreter\linkResolver.cpp, line 771]
Event: 3.207 Thread 0x000001f47cb5b9a0 Exception <a 'java/lang/NoSuchMethodError'{0x0000000083f6b790}: 'java.lang.Object java.lang.invoke.DirectMethodHandle$Holder.invokeVirtual(java.lang.Object, java.lang.Object, java.lang.Object, java.lang.Object)'> (0x0000000083f6b790) 
thrown [s\src\hotspot\share\interpreter\linkResolver.cpp, line 771]
Event: 3.231 Thread 0x000001f47cb5b9a0 Exception <a 'java/lang/NoSuchMethodError'{0x0000000083eb4ff0}: 'java.lang.Object java.lang.invoke.DirectMethodHandle$Holder.newInvokeSpecial(java.lang.Object, java.lang.Object, java.lang.Object, java.lang.Object, java.lang.Object, java.lang.Object, java.lang.Object)'> (0x0000000083eb4ff0) 
thrown [s\src\hotspot\share\interpreter\linkResolver.cpp, line 771]
Event: 3.231 Thread 0x000001f47cb5b9a0 Exception <a 'java/lang/NoSuchMethodError'{0x0000000083eb9cc0}: 'java.lang.Object java.lang.invoke.Invokers$Holder.linkToTargetMethod(java.lang.Object, java.lang.Object, java.lang.Object, java.lang.Object, java.lang.Object, java.lang.Object, java.lang.Object)'> (0x0000000083eb9cc0) 
thrown [s\src\hotspot\share\interpreter\linkResolver.cpp, line 771]
Event: 3.250 Thread 0x000001f47cb5b9a0 Exception <a 'java/lang/NoSuchMethodError'{0x0000000083c0fcb8}: 'java.lang.Object java.lang.invoke.DirectMethodHandle$Holder.invokeVirtual(java.lang.Object, java.lang.Object, java.lang.Object, java.lang.Object, java.lang.Object, java.lang.Object, java.lang.Object, java.lang.Object, java.lang.Object, java.lang.Object, java.lang.Object, java.lang.Object, java.lang.Object, java.lang.Object, java.lang.Object, java.lang.Object, java.lang.Object, java.lang.Object, java.lang.Object, java.lang.Object, java.lang.Ob
Event: 3.300 Thread 0x000001f47cb5b9a0 Implicit null exception at 0x000001f4672c9258 to 0x000001f4672c92ea
Event: 3.505 Thread 0x000001f47cb5b9a0 Exception <a 'java/lang/NoSuchMethodError'{0x0000000082ee8710}: 'void java.lang.invoke.DirectMethodHandle$Holder.invokeStatic(java.lang.Object, java.lang.Object, java.lang.Object, java.lang.Object)'> (0x0000000082ee8710) 
thrown [s\src\hotspot\share\interpreter\linkResolver.cpp, line 771]
Event: 3.507 Thread 0x000001f47cb5b9a0 Exception <a 'java/lang/NoSuchMethodError'{0x0000000082efce80}: 'int java.lang.invoke.DirectMethodHandle$Holder.invokeVirtual(java.lang.Object, java.lang.Object)'> (0x0000000082efce80) 
thrown [s\src\hotspot\share\interpreter\linkResolver.cpp, line 771]
Event: 3.509 Thread 0x000001f47cb5b9a0 Exception <a 'java/lang/NoSuchMethodError'{0x0000000082d101d0}: 'java.lang.Object java.lang.invoke.DirectMethodHandle$Holder.invokeStaticInit(java.lang.Object, java.lang.Object, java.lang.Object)'> (0x0000000082d101d0) 
thrown [s\src\hotspot\share\interpreter\linkResolver.cpp, line 771]
Event: 3.514 Thread 0x000001f47cb5b9a0 Exception <a 'java/lang/NoSuchMethodError'{0x0000000082d374f0}: 'int java.lang.invoke.DirectMethodHandle$Holder.invokeVirtual(java.lang.Object, java.lang.Object, java.lang.Object)'> (0x0000000082d374f0) 
thrown [s\src\hotspot\share\interpreter\linkResolver.cpp, line 771]

VM Operations (20 events):
Event: 2.012 Executing VM operation: HandshakeAllThreads done
Event: 2.012 Executing VM operation: Cleanup
Event: 2.012 Executing VM operation: Cleanup done
Event: 2.112 Executing VM operation: HandshakeAllThreads
Event: 2.112 Executing VM operation: HandshakeAllThreads done
Event: 2.447 Executing VM operation: CollectForMetadataAllocation
Event: 2.454 Executing VM operation: CollectForMetadataAllocation done
Event: 2.459 Executing VM operation: G1PauseRemark
Event: 2.461 Executing VM operation: G1PauseRemark done
Event: 2.462 Executing VM operation: G1PauseCleanup
Event: 2.467 Executing VM operation: G1PauseCleanup done
Event: 2.555 Executing VM operation: HandshakeAllThreads
Event: 2.555 Executing VM operation: HandshakeAllThreads done
Event: 2.841 Executing VM operation: HandshakeAllThreads
Event: 2.841 Executing VM operation: HandshakeAllThreads done
Event: 2.841 Executing VM operation: HandshakeAllThreads
Event: 2.841 Executing VM operation: HandshakeAllThreads done
Event: 3.106 Executing VM operation: G1CollectForAllocation
Event: 3.111 Executing VM operation: G1CollectForAllocation done
Event: 4.114 Executing VM operation: Cleanup

Events (20 events):
Event: 3.176 loading class javax/xml/xpath/XPathExpressionException
Event: 3.177 loading class javax/xml/xpath/XPathException
Event: 3.177 loading class javax/xml/xpath/XPathException done
Event: 3.177 loading class javax/xml/xpath/XPathExpressionException done
Event: 3.177 loading class org/xml/sax/ErrorHandler
Event: 3.177 loading class org/xml/sax/ErrorHandler done
Event: 3.446 loading class java/util/function/UnaryOperator
Event: 3.447 loading class java/util/function/UnaryOperator done
Event: 3.463 loading class java/util/concurrent/TimeoutException
Event: 3.463 loading class java/util/concurrent/TimeoutException done
Event: 3.463 loading class java/util/concurrent/CancellationException
Event: 3.463 loading class java/util/concurrent/CancellationException done
Event: 3.497 Thread 0x000001f47ce69a30 Thread added: 0x000001f47ce69a30
Event: 3.497 loading class java/util/concurrent/locks/AbstractQueuedSynchronizer$SharedNode
Event: 3.497 loading class java/util/concurrent/locks/AbstractQueuedSynchronizer$SharedNode done
Event: 3.503 loading class java/io/InterruptedIOException
Event: 3.503 loading class java/io/InterruptedIOException done
Event: 3.505 Thread 0x000001f47ce69520 Thread added: 0x000001f47ce69520
Event: 3.512 loading class java/util/ArrayDeque$DeqSpliterator
Event: 3.512 loading class java/util/ArrayDeque$DeqSpliterator done


Dynamic libraries:
0x00007ff7fdc30000 - 0x00007ff7fdc3a000 	C:\Program Files\Android\Android Studio\jbr\bin\java.exe
0x00007ff98bea0000 - 0x00007ff98c103000 	C:\WINDOWS\SYSTEM32\ntdll.dll
0x00007ff98a8f0000 - 0x00007ff98a9b7000 	C:\WINDOWS\System32\KERNEL32.DLL
0x00007ff9895a0000 - 0x00007ff989969000 	C:\WINDOWS\System32\KERNELBASE.dll
0x00007ff989310000 - 0x00007ff98945c000 	C:\WINDOWS\System32\ucrtbase.dll
0x00007ff97fea0000 - 0x00007ff97feb7000 	C:\Program Files\Android\Android Studio\jbr\bin\jli.dll
0x00007ff964340000 - 0x00007ff96435b000 	C:\Program Files\Android\Android Studio\jbr\bin\VCRUNTIME140.dll
0x00007ff98b190000 - 0x00007ff98b35a000 	C:\WINDOWS\System32\USER32.dll
0x00007ff96bd40000 - 0x00007ff96bfd0000 	C:\WINDOWS\WinSxS\amd64_microsoft.windows.common-controls_6595b64144ccf1df_6.0.26100.3323_none_3e088096e3344490\COMCTL32.dll
0x00007ff989220000 - 0x00007ff989247000 	C:\WINDOWS\System32\win32u.dll
0x00007ff98b4f0000 - 0x00007ff98b599000 	C:\WINDOWS\System32\msvcrt.dll
0x00007ff98b4c0000 - 0x00007ff98b4ea000 	C:\WINDOWS\System32\GDI32.dll
0x00007ff989460000 - 0x00007ff989591000 	C:\WINDOWS\System32\gdi32full.dll
0x00007ff989c10000 - 0x00007ff989cb3000 	C:\WINDOWS\System32\msvcp_win.dll
0x00007ff98b5a0000 - 0x00007ff98b5cf000 	C:\WINDOWS\System32\IMM32.DLL
0x00007ff9697a0000 - 0x00007ff9697ac000 	C:\Program Files\Android\Android Studio\jbr\bin\vcruntime140_1.dll
0x00007ff91be60000 - 0x00007ff91beed000 	C:\Program Files\Android\Android Studio\jbr\bin\msvcp140.dll
0x00007ff901780000 - 0x00007ff902403000 	C:\Program Files\Android\Android Studio\jbr\bin\server\jvm.dll
0x00007ff98a590000 - 0x00007ff98a642000 	C:\WINDOWS\System32\ADVAPI32.dll
0x00007ff98a0d0000 - 0x00007ff98a176000 	C:\WINDOWS\System32\sechost.dll
0x00007ff98a7d0000 - 0x00007ff98a8e6000 	C:\WINDOWS\System32\RPCRT4.dll
0x00007ff978950000 - 0x00007ff97895a000 	C:\WINDOWS\SYSTEM32\WSOCK32.dll
0x00007ff97f780000 - 0x00007ff97f7b6000 	C:\WINDOWS\SYSTEM32\WINMM.dll
0x00007ff988f30000 - 0x00007ff988f7e000 	C:\WINDOWS\SYSTEM32\POWRPROF.dll
0x00007ff980290000 - 0x00007ff98029b000 	C:\WINDOWS\SYSTEM32\VERSION.dll
0x00007ff98a740000 - 0x00007ff98a7b4000 	C:\WINDOWS\System32\WS2_32.dll
0x00007ff988f10000 - 0x00007ff988f24000 	C:\WINDOWS\SYSTEM32\UMPDC.dll
0x00007ff987ec0000 - 0x00007ff987eda000 	C:\WINDOWS\SYSTEM32\kernel.appcore.dll
0x00007ff986240000 - 0x00007ff98624a000 	C:\Program Files\Android\Android Studio\jbr\bin\jimage.dll
0x00007ff97a510000 - 0x00007ff97a751000 	C:\WINDOWS\SYSTEM32\DBGHELP.DLL
0x00007ff989cc0000 - 0x00007ff98a042000 	C:\WINDOWS\System32\combase.dll
0x00007ff98ac20000 - 0x00007ff98acf6000 	C:\WINDOWS\System32\OLEAUT32.dll
0x00007ff948d50000 - 0x00007ff948d89000 	C:\WINDOWS\SYSTEM32\dbgcore.DLL
0x00007ff989ae0000 - 0x00007ff989b79000 	C:\WINDOWS\System32\bcryptPrimitives.dll
0x00007ff97fec0000 - 0x00007ff97fece000 	C:\Program Files\Android\Android Studio\jbr\bin\instrument.dll
0x00007ff97ffa0000 - 0x00007ff97ffc5000 	C:\Program Files\Android\Android Studio\jbr\bin\java.dll
0x00007ff986040000 - 0x00007ff986058000 	C:\Program Files\Android\Android Studio\jbr\bin\zip.dll
0x00007ff98b690000 - 0x00007ff98bda5000 	C:\WINDOWS\System32\SHELL32.dll
0x00007ff989970000 - 0x00007ff989ad8000 	C:\WINDOWS\System32\wintypes.dll
0x00007ff986d50000 - 0x00007ff987595000 	C:\WINDOWS\SYSTEM32\windows.storage.dll
0x00007ff98a650000 - 0x00007ff98a73b000 	C:\WINDOWS\System32\SHCORE.dll
0x00007ff98b440000 - 0x00007ff98b49d000 	C:\WINDOWS\System32\shlwapi.dll
0x00007ff988fb0000 - 0x00007ff988fdf000 	C:\WINDOWS\SYSTEM32\profapi.dll
0x00007ff985ff0000 - 0x00007ff986009000 	C:\Program Files\Android\Android Studio\jbr\bin\net.dll
0x00007ff9815f0000 - 0x00007ff98170e000 	C:\WINDOWS\SYSTEM32\WINHTTP.dll
0x00007ff9883e0000 - 0x00007ff98844a000 	C:\WINDOWS\system32\mswsock.dll
0x00007ff980b60000 - 0x00007ff980b76000 	C:\Program Files\Android\Android Studio\jbr\bin\nio.dll
0x00007ff9809f0000 - 0x00007ff980a00000 	C:\Program Files\Android\Android Studio\jbr\bin\verify.dll
0x00007ff94d0b0000 - 0x00007ff94d0d7000 	C:\Users\Kenn Xavier\.gradle\native\c067742578af261105cb4f569cf0c3c89f3d7b1fecec35dd04571415982c5e48\windows-amd64\native-platform.dll
0x00007ff903880000 - 0x00007ff9039c4000 	C:\Users\Kenn Xavier\.gradle\native\38dada09dfb8b06ba9b0570ebf7e218e3eb74d4ef43ca46872605cf95ebc2f47\windows-amd64\native-platform-file-events.dll
0x00007ff9860f0000 - 0x00007ff9860f9000 	C:\Program Files\Android\Android Studio\jbr\bin\management.dll
0x00007ff985a70000 - 0x00007ff985a7b000 	C:\Program Files\Android\Android Studio\jbr\bin\management_ext.dll
0x00007ff98a180000 - 0x00007ff98a188000 	C:\WINDOWS\System32\PSAPI.DLL
0x00007ff988680000 - 0x00007ff98869c000 	C:\WINDOWS\SYSTEM32\CRYPTSP.dll
0x00007ff987e20000 - 0x00007ff987e5a000 	C:\WINDOWS\system32\rsaenh.dll
0x00007ff988480000 - 0x00007ff9884ab000 	C:\WINDOWS\SYSTEM32\USERENV.dll
0x00007ff9888c0000 - 0x00007ff9888e6000 	C:\WINDOWS\SYSTEM32\bcrypt.dll
0x00007ff9886a0000 - 0x00007ff9886ac000 	C:\WINDOWS\SYSTEM32\CRYPTBASE.dll
0x00007ff987910000 - 0x00007ff987943000 	C:\WINDOWS\SYSTEM32\IPHLPAPI.DLL
0x00007ff98a7c0000 - 0x00007ff98a7ca000 	C:\WINDOWS\System32\NSI.dll
0x00007ff9824b0000 - 0x00007ff9824cf000 	C:\WINDOWS\SYSTEM32\dhcpcsvc6.DLL
0x00007ff982480000 - 0x00007ff9824a5000 	C:\WINDOWS\SYSTEM32\dhcpcsvc.DLL
0x00007ff9879b0000 - 0x00007ff987ad5000 	C:\WINDOWS\SYSTEM32\DNSAPI.dll
0x00007ff986280000 - 0x00007ff986288000 	C:\WINDOWS\system32\wshunix.dll

dbghelp: loaded successfully - version: 4.0.5 - missing functions: none
symbol engine: initialized successfully - sym options: 0x614 - pdb path: .;C:\Program Files\Android\Android Studio\jbr\bin;C:\WINDOWS\SYSTEM32;C:\WINDOWS\WinSxS\amd64_microsoft.windows.common-controls_6595b64144ccf1df_6.0.26100.3323_none_3e088096e3344490;C:\Program Files\Android\Android Studio\jbr\bin\server;C:\Users\Kenn Xavier\.gradle\native\c067742578af261105cb4f569cf0c3c89f3d7b1fecec35dd04571415982c5e48\windows-amd64;C:\Users\Kenn Xavier\.gradle\native\38dada09dfb8b06ba9b0570ebf7e218e3eb74d4ef43ca46872605cf95ebc2f47\windows-amd64

VM Arguments:
jvm_args: --add-opens=java.base/java.util=ALL-UNNAMED --add-opens=java.base/java.lang=ALL-UNNAMED --add-opens=java.base/java.lang.invoke=ALL-UNNAMED --add-opens=java.prefs/java.util.prefs=ALL-UNNAMED --add-opens=java.base/java.nio.charset=ALL-UNNAMED --add-opens=java.base/java.net=ALL-UNNAMED --add-opens=java.base/java.util.concurrent.atomic=ALL-UNNAMED -Xmx2048m -Dfile.encoding=UTF-8 -Duser.country=US -Duser.language=en -Duser.variant -javaagent:C:\Users\Kenn Xavier\.gradle\wrapper\dists\gradle-8.4-bin\1w5dpkrfk8irigvoxmyhowfim\gradle-8.4\lib\agents\gradle-instrumentation-agent-8.4.jar 
java_command: org.gradle.launcher.daemon.bootstrap.GradleDaemon 8.4
java_class_path (initial): C:\Users\Kenn Xavier\.gradle\wrapper\dists\gradle-8.4-bin\1w5dpkrfk8irigvoxmyhowfim\gradle-8.4\lib\gradle-launcher-8.4.jar
Launcher Type: SUN_STANDARD

[Global flags]
     intx CICompilerCount                          = 4                                         {product} {ergonomic}
     uint ConcGCThreads                            = 3                                         {product} {ergonomic}
     uint G1ConcRefinementThreads                  = 10                                        {product} {ergonomic}
   size_t G1HeapRegionSize                         = 1048576                                   {product} {ergonomic}
    uintx GCDrainStackTargetSize                   = 64                                        {product} {ergonomic}
   size_t InitialHeapSize                          = 121634816                                 {product} {ergonomic}
   size_t MarkStackSize                            = 4194304                                   {product} {ergonomic}
   size_t MaxHeapSize                              = 2147483648                                {product} {command line}
   size_t MaxNewSize                               = 1287651328                                {product} {ergonomic}
   size_t MinHeapDeltaBytes                        = 1048576                                   {product} {ergonomic}
   size_t MinHeapSize                              = 8388608                                   {product} {ergonomic}
    uintx NonNMethodCodeHeapSize                   = 5839372                                {pd product} {ergonomic}
    uintx NonProfiledCodeHeapSize                  = 122909434                              {pd product} {ergonomic}
    uintx ProfiledCodeHeapSize                     = 122909434                              {pd product} {ergonomic}
    uintx ReservedCodeCacheSize                    = 251658240                              {pd product} {ergonomic}
     bool SegmentedCodeCache                       = true                                      {product} {ergonomic}
   size_t SoftMaxHeapSize                          = 2147483648                             {manageable} {ergonomic}
     bool UseCompressedClassPointers               = true                           {product lp64_product} {ergonomic}
     bool UseCompressedOops                        = true                           {product lp64_product} {ergonomic}
     bool UseG1GC                                  = true                                      {product} {ergonomic}
     bool UseLargePagesIndividualAllocation        = false                                  {pd product} {ergonomic}

Logging:
Log output configuration:
 #0: stdout all=warning uptime,level,tags
 #1: stderr all=off uptime,level,tags

Environment Variables:
PATH=C:\Program Files\Common Files\Oracle\Java\javapath;C:\windows\system32;C:\windows;C:\windows\System32\Wbem;C:\windows\System32\WindowsPowerShell\v1.0\;C:\windows\System32\OpenSSH\;C:\Program Files (x86)\NVIDIA Corporation\PhysX\Common;C:\Program Files\NVIDIA Corporation\NVIDIA NvDLISR;C:\Users\Administrator\AppData\Local\Microsoft\WindowsApps;C:\Program Files\HP\OMEN-Broadcast\Common;C:\Program Files\dotnet\;C:\WINDOWS\system32;C:\WINDOWS;C:\WINDOWS\System32\Wbem;C:\WINDOWS\System32\WindowsPowerShell\v1.0\;C:\WINDOWS\System32\OpenSSH\;C:\Program Files (x86)\Windows Kits\10\Windows Performance Toolkit\;C:\Program Files\CMake\bin;C:\Program Files\Git\cmd;C:\Users\Kenn Xavier\AppData\Local\Microsoft\WindowsApps;C:\Program Files\JetBrains\IntelliJ IDEA Community Edition 2024.2.4\bin;;C:\Users\Kenn Xavier\AppData\Local\Programs\Microsoft VS Code\bin;C:\ninja;C:\Users\Kenn Xavier\.dotnet\tools;
USERNAME=Kenn Xavier
OS=Windows_NT
PROCESSOR_IDENTIFIER=AMD64 Family 25 Model 68 Stepping 1, AuthenticAMD
TMP=C:\Users\KENNXA~1\AppData\Local\Temp
TEMP=C:\Users\KENNXA~1\AppData\Local\Temp



Periodic native trim disabled

JNI global refs:
JNI global refs: 24, weak refs: 0

JNI global refs memory usage: 843, weak refs: 841

OOME stack traces (most recent first):
Classloader memory used:
Loader bootstrap                                                                       : 1906K
Loader org.gradle.internal.classloader.VisitableURLClassLoader                         : 1639K
Loader org.gradle.initialization.MixInLegacyTypesClassLoader                           : 217K
Loader jdk.internal.loader.ClassLoaders$AppClassLoader                                 : 28453B
Loader jdk.internal.loader.ClassLoaders$PlatformClassLoader                            : 14830B
Loader jdk.internal.reflect.DelegatingClassLoader                                      : 2670B

Classes loaded by more than one classloader:
Class org.gradle.internal.installation.GradleInstallation                             : loaded 2 times (x 73B)
Class org.gradle.internal.classpath.ClassPath                                         : loaded 2 times (x 68B)
Class org.gradle.api.internal.classpath.DefaultModuleRegistry                         : loaded 2 times (x 84B)
Class org.gradle.api.Action                                                           : loaded 2 times (x 68B)
Class org.gradle.api.internal.DefaultClassPathProvider                                : loaded 2 times (x 74B)
Class org.gradle.internal.installation.GradleInstallation$1                           : loaded 2 times (x 73B)
Class org.gradle.internal.classloader.FilteringClassLoader                            : loaded 2 times (x 103B)
Class org.gradle.internal.classpath.DefaultClassPath$ImmutableUniqueList$Builder      : loaded 2 times (x 73B)
Class org.gradle.internal.classloader.ClassLoaderVisitor                              : loaded 2 times (x 74B)
Class org.gradle.internal.service.DefaultServiceLocator                               : loaded 2 times (x 81B)
Class org.gradle.internal.service.UnknownServiceException                             : loaded 2 times (x 81B)
Class org.gradle.internal.classloader.DefaultClassLoaderFactory                       : loaded 2 times (x 80B)
Class org.gradle.internal.classloader.VisitableURLClassLoader$Spec                    : loaded 2 times (x 72B)
Class org.gradle.api.GradleException                                                  : loaded 2 times (x 80B)
Class org.gradle.api.internal.classpath.ModuleRegistry                                : loaded 2 times (x 68B)
Class org.gradle.api.internal.ClassPathProvider                                       : loaded 2 times (x 68B)
Class org.gradle.internal.classloader.ClasspathUtil$1                                 : loaded 2 times (x 74B)
Class org.gradle.internal.classloader.ClassLoaderFactory                              : loaded 2 times (x 68B)
Class org.gradle.api.internal.classpath.ManifestUtil                                  : loaded 2 times (x 69B)
Class org.gradle.api.specs.Spec                                                       : loaded 2 times (x 68B)
Class org.gradle.internal.IoActions                                                   : loaded 2 times (x 69B)
Class org.gradle.api.internal.classpath.EffectiveClassPath                            : loaded 2 times (x 88B)
Class org.gradle.internal.installation.CurrentGradleInstallation                      : loaded 2 times (x 71B)
Class org.gradle.internal.agents.InstrumentingClassLoader                             : loaded 2 times (x 68B)
Class org.gradle.internal.installation.CurrentGradleInstallationLocator               : loaded 2 times (x 69B)
Class org.gradle.api.internal.classpath.Module                                        : loaded 2 times (x 68B)
Class org.gradle.internal.service.CachingServiceLocator                               : loaded 2 times (x 80B)
Class org.gradle.internal.classpath.DefaultClassPath                                  : loaded 2 times (x 88B)
Class org.gradle.internal.classloader.SystemClassLoaderSpec                           : loaded 2 times (x 69B)
Class org.gradle.api.UncheckedIOException                                             : loaded 2 times (x 80B)
Class org.gradle.internal.classloader.ClasspathUtil                                   : loaded 2 times (x 69B)
Class org.gradle.api.internal.DefaultClassPathRegistry                                : loaded 2 times (x 74B)
Class org.gradle.api.internal.classpath.DefaultModuleRegistry$DefaultModule           : loaded 2 times (x 84B)
Class org.gradle.api.internal.classpath.UnknownModuleException                        : loaded 2 times (x 80B)
Class org.gradle.internal.service.ServiceLookupException                              : loaded 2 times (x 80B)
Class org.gradle.cache.GlobalCache                                                    : loaded 2 times (x 68B)
Class [Lorg.gradle.api.internal.ClassPathProvider;                                    : loaded 2 times (x 67B)
Class org.gradle.util.internal.GUtil                                                  : loaded 2 times (x 69B)
Class org.gradle.internal.classloader.ClassLoaderSpec                                 : loaded 2 times (x 69B)
Class org.gradle.internal.classloader.VisitableURLClassLoader                         : loaded 2 times (x 115B)
Class org.gradle.internal.Cast                                                        : loaded 2 times (x 69B)
Class org.gradle.api.internal.ClassPathRegistry                                       : loaded 2 times (x 68B)
Class org.gradle.internal.classloader.VisitableURLClassLoader$InstrumentingVisitableURLClassLoader: loaded 2 times (x 121B)
Class org.gradle.internal.classloader.ClassLoaderHierarchy                            : loaded 2 times (x 68B)
Class org.gradle.internal.InternalTransformer                                         : loaded 2 times (x 68B)
Class org.gradle.internal.service.ServiceLocator                                      : loaded 2 times (x 68B)
Class org.gradle.internal.classpath.DefaultClassPath$ImmutableUniqueList              : loaded 2 times (x 159B)
Class org.gradle.internal.classpath.TransformedClassPath                              : loaded 2 times (x 94B)


---------------  S Y S T E M  ---------------

OS:
 Windows 11 , 64 bit Build 26100 (10.0.26100.3323)
OS uptime: 1 days 23:16 hours
Hyper-V role detected

CPU: total 12 (initial active 12) (12 cores per cpu, 2 threads per core) family 25 model 68 stepping 1 microcode 0xa404107, cx8, cmov, fxsr, ht, mmx, 3dnowpref, sse, sse2, sse3, ssse3, sse4a, sse4.1, sse4.2, popcnt, lzcnt, tsc, tscinvbit, avx, avx2, aes, erms, clmul, bmi1, bmi2, adx, sha, fma, vzeroupper, clflush, clflushopt, hv
Processor Information for all 12 processors :
  Max Mhz: 3301, Current Mhz: 3301, Mhz Limit: 3301

Memory: 4k page, system-wide physical 7381M (532M free)
TotalPageFile size 29909M (AvailPageFile size 28M)
current process WorkingSet (physical memory assigned to process): 178M, peak: 178M
current process commit charge ("private bytes"): 225M, peak: 246M

vm_info: OpenJDK 64-Bit Server VM (17.0.9+0--11185874) for windows-amd64 JRE (17.0.9+0--11185874), built on Dec  6 2023 18:57:44 by "androidbuild" with MS VC++ 16.10 / 16.11 (VS2019)

END.
